\BOOKMARK [0][-]{chapter.1}{\376\377\0001\000\040\000A\000r\000b\000o\000r\000e\000a\000l\000\040\000U\000s\000e\000r\000\040\000G\000u\000i\000d\000e}{}% 1
\BOOKMARK [0][-]{chapter.2}{\376\377\0002\000\040\000H\000i\000e\000r\000a\000r\000c\000h\000i\000c\000a\000l\000\040\000I\000n\000d\000e\000x}{}% 2
\BOOKMARK [1][-]{section.2.1}{\376\377\0002\000.\0001\000\040\000C\000l\000a\000s\000s\000\040\000H\000i\000e\000r\000a\000r\000c\000h\000y}{chapter.2}% 3
\BOOKMARK [0][-]{chapter.3}{\376\377\0003\000\040\000C\000l\000a\000s\000s\000\040\000I\000n\000d\000e\000x}{}% 4
\BOOKMARK [1][-]{section.3.1}{\376\377\0003\000.\0001\000\040\000C\000l\000a\000s\000s\000\040\000L\000i\000s\000t}{chapter.3}% 5
\BOOKMARK [0][-]{chapter.4}{\376\377\0004\000\040\000C\000l\000a\000s\000s\000\040\000D\000o\000c\000u\000m\000e\000n\000t\000a\000t\000i\000o\000n}{}% 6
\BOOKMARK [1][-]{section.4.1}{\376\377\0004\000.\0001\000\040\000A\000d\000d\000i\000t\000i\000o\000n\000\040\000C\000l\000a\000s\000s\000\040\000R\000e\000f\000e\000r\000e\000n\000c\000e}{chapter.4}% 7
\BOOKMARK [1][-]{section.4.2}{\376\377\0004\000.\0002\000\040\000a\000r\000b\000o\000r\000e\000a\000l\000\137\000c\000l\000i\000\137\000e\000r\000r\000o\000r\000\040\000C\000l\000a\000s\000s\000\040\000R\000e\000f\000e\000r\000e\000n\000c\000e}{chapter.4}% 8
\BOOKMARK [1][-]{section.4.3}{\376\377\0004\000.\0003\000\040\000a\000r\000b\000o\000r\000e\000a\000l\000\137\000d\000a\000e\000m\000o\000n\000\137\000e\000r\000r\000o\000r\000\040\000C\000l\000a\000s\000s\000\040\000R\000e\000f\000e\000r\000e\000n\000c\000e}{chapter.4}% 9
\BOOKMARK [1][-]{section.4.4}{\376\377\0004\000.\0004\000\040\000a\000r\000b\000o\000r\000e\000a\000l\000\137\000e\000x\000c\000e\000p\000t\000i\000o\000n\000\040\000C\000l\000a\000s\000s\000\040\000R\000e\000f\000e\000r\000e\000n\000c\000e}{chapter.4}% 10
\BOOKMARK [1][-]{section.4.5}{\376\377\0004\000.\0005\000\040\000a\000r\000b\000o\000r\000e\000a\000l\000\137\000l\000i\000a\000i\000s\000o\000n\000\137\000e\000r\000r\000o\000r\000\040\000C\000l\000a\000s\000s\000\040\000R\000e\000f\000e\000r\000e\000n\000c\000e}{chapter.4}% 11
\BOOKMARK [1][-]{section.4.6}{\376\377\0004\000.\0006\000\040\000a\000r\000b\000o\000r\000e\000a\000l\000\137\000l\000o\000g\000i\000c\000\137\000e\000r\000r\000o\000r\000\040\000C\000l\000a\000s\000s\000\040\000R\000e\000f\000e\000r\000e\000n\000c\000e}{chapter.4}% 12
\BOOKMARK [1][-]{section.4.7}{\376\377\0004\000.\0007\000\040\000a\000r\000b\000o\000r\000e\000a\000l\000\137\000r\000u\000n\000t\000i\000m\000e\000\137\000e\000r\000r\000o\000r\000\040\000C\000l\000a\000s\000s\000\040\000R\000e\000f\000e\000r\000e\000n\000c\000e}{chapter.4}% 13
\BOOKMARK [1][-]{section.4.8}{\376\377\0004\000.\0008\000\040\000A\000t\000t\000r\000i\000b\000u\000t\000e\000s\000\040\000C\000l\000a\000s\000s\000\040\000R\000e\000f\000e\000r\000e\000n\000c\000e}{chapter.4}% 14
\BOOKMARK [2][-]{subsection.4.8.1}{\376\377\0004\000.\0008\000.\0001\000\040\000M\000e\000m\000b\000e\000r\000\040\000F\000u\000n\000c\000t\000i\000o\000n\000\040\000D\000o\000c\000u\000m\000e\000n\000t\000a\000t\000i\000o\000n}{section.4.8}% 15
\BOOKMARK [3][-]{subsubsection.4.8.1.1}{\376\377\0004\000.\0008\000.\0001\000.\0001\000\040\000d\000e\000l\000\050\000\051}{subsection.4.8.1}% 16
\BOOKMARK [3][-]{subsubsection.4.8.1.2}{\376\377\0004\000.\0008\000.\0001\000.\0002\000\040\000g\000e\000t\000\137\000a\000c\000c\000e\000s\000s\000\050\000\051}{subsection.4.8.1}% 17
\BOOKMARK [3][-]{subsubsection.4.8.1.3}{\376\377\0004\000.\0008\000.\0001\000.\0003\000\040\000g\000e\000t\000\137\000c\000r\000e\000a\000t\000i\000o\000n\000\137\000t\000i\000m\000e\000\050\000\051}{subsection.4.8.1}% 18
\BOOKMARK [3][-]{subsubsection.4.8.1.4}{\376\377\0004\000.\0008\000.\0001\000.\0004\000\040\000g\000e\000t\000\137\000e\000d\000i\000t\000\050\000\051}{subsection.4.8.1}% 19
\BOOKMARK [3][-]{subsubsection.4.8.1.5}{\376\377\0004\000.\0008\000.\0001\000.\0005\000\040\000g\000e\000t\000\137\000f\000i\000l\000e\000\137\000a\000t\000t\000r\000i\000b\000u\000t\000e\000s\000\050\000\051}{subsection.4.8.1}% 20
\BOOKMARK [3][-]{subsubsection.4.8.1.6}{\376\377\0004\000.\0008\000.\0001\000.\0006\000\040\000g\000e\000t\000\137\000o\000w\000n\000e\000r\000\050\000\051}{subsection.4.8.1}% 21
\BOOKMARK [3][-]{subsubsection.4.8.1.7}{\376\377\0004\000.\0008\000.\0001\000.\0007\000\040\000g\000e\000t\000\137\000p\000e\000r\000m\000i\000s\000s\000i\000o\000n\000s\000\050\000\051}{subsection.4.8.1}% 22
\BOOKMARK [3][-]{subsubsection.4.8.1.8}{\376\377\0004\000.\0008\000.\0001\000.\0008\000\040\000g\000e\000t\000\137\000s\000i\000z\000e\000\050\000\051}{subsection.4.8.1}% 23
\BOOKMARK [3][-]{subsubsection.4.8.1.9}{\376\377\0004\000.\0008\000.\0001\000.\0009\000\040\000r\000e\000a\000d\000\137\000i\000n\000\050\000\051}{subsection.4.8.1}% 24
\BOOKMARK [3][-]{subsubsection.4.8.1.10}{\376\377\0004\000.\0008\000.\0001\000.\0001\0000\000\040\000s\000e\000t\000\137\000a\000c\000c\000e\000s\000s\000\050\000\051}{subsection.4.8.1}% 25
\BOOKMARK [3][-]{subsubsection.4.8.1.11}{\376\377\0004\000.\0008\000.\0001\000.\0001\0001\000\040\000s\000e\000t\000\137\000c\000r\000e\000a\000t\000i\000o\000n\000\137\000t\000i\000m\000e\000\050\000\051}{subsection.4.8.1}% 26
\BOOKMARK [3][-]{subsubsection.4.8.1.12}{\376\377\0004\000.\0008\000.\0001\000.\0001\0002\000\040\000s\000e\000t\000\137\000e\000d\000i\000t\000\050\000\051}{subsection.4.8.1}% 27
\BOOKMARK [3][-]{subsubsection.4.8.1.13}{\376\377\0004\000.\0008\000.\0001\000.\0001\0003\000\040\000s\000e\000t\000\137\000o\000w\000n\000e\000r\000\050\000\051}{subsection.4.8.1}% 28
\BOOKMARK [3][-]{subsubsection.4.8.1.14}{\376\377\0004\000.\0008\000.\0001\000.\0001\0004\000\040\000s\000e\000t\000\137\000p\000e\000r\000m\000i\000s\000s\000i\000o\000n\000s\000\050\000\051}{subsection.4.8.1}% 29
\BOOKMARK [3][-]{subsubsection.4.8.1.15}{\376\377\0004\000.\0008\000.\0001\000.\0001\0005\000\040\000u\000p\000d\000a\000t\000e\000\137\000s\000i\000z\000e\000\050\000\051}{subsection.4.8.1}% 30
\BOOKMARK [3][-]{subsubsection.4.8.1.16}{\376\377\0004\000.\0008\000.\0001\000.\0001\0006\000\040\000w\000r\000i\000t\000e\000\137\000o\000u\000t\000\050\000\051}{subsection.4.8.1}% 31
\BOOKMARK [1][-]{section.4.9}{\376\377\0004\000.\0009\000\040\000C\000L\000I\000\040\000C\000l\000a\000s\000s\000\040\000R\000e\000f\000e\000r\000e\000n\000c\000e}{chapter.4}% 32
\BOOKMARK [2][-]{subsection.4.9.1}{\376\377\0004\000.\0009\000.\0001\000\040\000C\000o\000n\000s\000t\000r\000u\000c\000t\000o\000r\000\040\000\046\000\040\000D\000e\000s\000t\000r\000u\000c\000t\000o\000r\000\040\000D\000o\000c\000u\000m\000e\000n\000t\000a\000t\000i\000o\000n}{section.4.9}% 33
\BOOKMARK [3][-]{subsubsection.4.9.1.1}{\376\377\0004\000.\0009\000.\0001\000.\0001\000\040\000C\000L\000I\000\050\000\051\000\040\000[\0001\000/\0004\000]}{subsection.4.9.1}% 34
\BOOKMARK [3][-]{subsubsection.4.9.1.2}{\376\377\0004\000.\0009\000.\0001\000.\0002\000\040\000C\000L\000I\000\050\000\051\000\040\000[\0002\000/\0004\000]}{subsection.4.9.1}% 35
\BOOKMARK [3][-]{subsubsection.4.9.1.3}{\376\377\0004\000.\0009\000.\0001\000.\0003\000\040\000C\000L\000I\000\050\000\051\000\040\000[\0003\000/\0004\000]}{subsection.4.9.1}% 36
\BOOKMARK [3][-]{subsubsection.4.9.1.4}{\376\377\0004\000.\0009\000.\0001\000.\0004\000\040\000C\000L\000I\000\050\000\051\000\040\000[\0004\000/\0004\000]}{subsection.4.9.1}% 37
\BOOKMARK [3][-]{subsubsection.4.9.1.5}{\376\377\0004\000.\0009\000.\0001\000.\0005\000\040\000\040\000C\000L\000I\000\050\000\051}{subsection.4.9.1}% 38
\BOOKMARK [2][-]{subsection.4.9.2}{\376\377\0004\000.\0009\000.\0002\000\040\000M\000e\000m\000b\000e\000r\000\040\000F\000u\000n\000c\000t\000i\000o\000n\000\040\000D\000o\000c\000u\000m\000e\000n\000t\000a\000t\000i\000o\000n}{section.4.9}% 39
\BOOKMARK [3][-]{subsubsection.4.9.2.1}{\376\377\0004\000.\0009\000.\0002\000.\0001\000\040\000a\000w\000a\000i\000t\000\137\000r\000e\000s\000p\000o\000n\000s\000e\000\050\000\051}{subsection.4.9.2}% 40
\BOOKMARK [3][-]{subsubsection.4.9.2.2}{\376\377\0004\000.\0009\000.\0002\000.\0002\000\040\000b\000u\000i\000l\000d\000\050\000\051}{subsection.4.9.2}% 41
\BOOKMARK [3][-]{subsubsection.4.9.2.3}{\376\377\0004\000.\0009\000.\0002\000.\0003\000\040\000r\000u\000n\000\050\000\051\000\040\000[\0001\000/\0002\000]}{subsection.4.9.2}% 42
\BOOKMARK [3][-]{subsubsection.4.9.2.4}{\376\377\0004\000.\0009\000.\0002\000.\0004\000\040\000r\000u\000n\000\050\000\051\000\040\000[\0002\000/\0002\000]}{subsection.4.9.2}% 43
\BOOKMARK [3][-]{subsubsection.4.9.2.5}{\376\377\0004\000.\0009\000.\0002\000.\0005\000\040\000s\000e\000n\000d\000\137\000c\000m\000n\000d\000\050\000\051}{subsection.4.9.2}% 44
\BOOKMARK [3][-]{subsubsection.4.9.2.6}{\376\377\0004\000.\0009\000.\0002\000.\0006\000\040\000s\000t\000a\000r\000t\000\050\000\051}{subsection.4.9.2}% 45
\BOOKMARK [1][-]{section.4.10}{\376\377\0004\000.\0001\0000\000\040\000D\000e\000b\000u\000g\000M\000e\000s\000s\000a\000g\000e\000s\000\040\000C\000l\000a\000s\000s\000\040\000R\000e\000f\000e\000r\000e\000n\000c\000e}{chapter.4}% 46
\BOOKMARK [2][-]{subsection.4.10.1}{\376\377\0004\000.\0001\0000\000.\0001\000\040\000C\000o\000n\000s\000t\000r\000u\000c\000t\000o\000r\000\040\000\046\000\040\000D\000e\000s\000t\000r\000u\000c\000t\000o\000r\000\040\000D\000o\000c\000u\000m\000e\000n\000t\000a\000t\000i\000o\000n}{section.4.10}% 47
\BOOKMARK [3][-]{subsubsection.4.10.1.1}{\376\377\0004\000.\0001\0000\000.\0001\000.\0001\000\040\000D\000e\000b\000u\000g\000M\000e\000s\000s\000a\000g\000e\000s\000\050\000\051\000\040\000[\0001\000/\0002\000]}{subsection.4.10.1}% 48
\BOOKMARK [3][-]{subsubsection.4.10.1.2}{\376\377\0004\000.\0001\0000\000.\0001\000.\0002\000\040\000D\000e\000b\000u\000g\000M\000e\000s\000s\000a\000g\000e\000s\000\050\000\051\000\040\000[\0002\000/\0002\000]}{subsection.4.10.1}% 49
\BOOKMARK [3][-]{subsubsection.4.10.1.3}{\376\377\0004\000.\0001\0000\000.\0001\000.\0003\000\040\000\040\000D\000e\000b\000u\000g\000M\000e\000s\000s\000a\000g\000e\000s\000\050\000\051}{subsection.4.10.1}% 50
\BOOKMARK [2][-]{subsection.4.10.2}{\376\377\0004\000.\0001\0000\000.\0002\000\040\000M\000e\000m\000b\000e\000r\000\040\000F\000u\000n\000c\000t\000i\000o\000n\000\040\000D\000o\000c\000u\000m\000e\000n\000t\000a\000t\000i\000o\000n}{section.4.10}% 51
\BOOKMARK [3][-]{subsubsection.4.10.2.1}{\376\377\0004\000.\0001\0000\000.\0002\000.\0001\000\040\000d\000e\000b\000u\000g\000\050\000\051}{subsection.4.10.2}% 52
\BOOKMARK [3][-]{subsubsection.4.10.2.2}{\376\377\0004\000.\0001\0000\000.\0002\000.\0002\000\040\000d\000i\000s\000p\000l\000a\000y\000\050\000\051}{subsection.4.10.2}% 53
\BOOKMARK [3][-]{subsubsection.4.10.2.3}{\376\377\0004\000.\0001\0000\000.\0002\000.\0003\000\040\000l\000o\000g\000\050\000\051}{subsection.4.10.2}% 54
\BOOKMARK [3][-]{subsubsection.4.10.2.4}{\376\377\0004\000.\0001\0000\000.\0002\000.\0004\000\040\000O\000F\000F\000\050\000\051}{subsection.4.10.2}% 55
\BOOKMARK [3][-]{subsubsection.4.10.2.5}{\376\377\0004\000.\0001\0000\000.\0002\000.\0005\000\040\000O\000N\000\050\000\051}{subsection.4.10.2}% 56
\BOOKMARK [1][-]{section.4.11}{\376\377\0004\000.\0001\0001\000\040\000D\000e\000l\000e\000t\000i\000o\000n\000\040\000C\000l\000a\000s\000s\000\040\000R\000e\000f\000e\000r\000e\000n\000c\000e}{chapter.4}% 57
\BOOKMARK [1][-]{section.4.12}{\376\377\0004\000.\0001\0002\000\040\000D\000i\000s\000k\000\040\000C\000l\000a\000s\000s\000\040\000R\000e\000f\000e\000r\000e\000n\000c\000e}{chapter.4}% 58
\BOOKMARK [2][-]{subsection.4.12.1}{\376\377\0004\000.\0001\0002\000.\0001\000\040\000C\000o\000n\000s\000t\000r\000u\000c\000t\000o\000r\000\040\000\046\000\040\000D\000e\000s\000t\000r\000u\000c\000t\000o\000r\000\040\000D\000o\000c\000u\000m\000e\000n\000t\000a\000t\000i\000o\000n}{section.4.12}% 59
\BOOKMARK [3][-]{subsubsection.4.12.1.1}{\376\377\0004\000.\0001\0002\000.\0001\000.\0001\000\040\000D\000i\000s\000k\000\050\000\051}{subsection.4.12.1}% 60
\BOOKMARK [2][-]{subsection.4.12.2}{\376\377\0004\000.\0001\0002\000.\0002\000\040\000M\000e\000m\000b\000e\000r\000\040\000F\000u\000n\000c\000t\000i\000o\000n\000\040\000D\000o\000c\000u\000m\000e\000n\000t\000a\000t\000i\000o\000n}{section.4.12}% 61
\BOOKMARK [3][-]{subsubsection.4.12.2.1}{\376\377\0004\000.\0001\0002\000.\0002\000.\0001\000\040\000g\000e\000t\000B\000l\000o\000c\000k\000C\000o\000u\000n\000t\000\050\000\051}{subsection.4.12.2}% 62
\BOOKMARK [3][-]{subsubsection.4.12.2.2}{\376\377\0004\000.\0001\0002\000.\0002\000.\0002\000\040\000g\000e\000t\000B\000l\000o\000c\000k\000S\000i\000z\000e\000\050\000\051}{subsection.4.12.2}% 63
\BOOKMARK [3][-]{subsubsection.4.12.2.3}{\376\377\0004\000.\0001\0002\000.\0002\000.\0003\000\040\000r\000e\000a\000d\000D\000i\000s\000k\000B\000l\000o\000c\000k\000\050\000\051}{subsection.4.12.2}% 64
\BOOKMARK [3][-]{subsubsection.4.12.2.4}{\376\377\0004\000.\0001\0002\000.\0002\000.\0004\000\040\000w\000r\000i\000t\000e\000D\000i\000s\000k\000B\000l\000o\000c\000k\000\050\000\051}{subsection.4.12.2}% 65
\BOOKMARK [1][-]{section.4.13}{\376\377\0004\000.\0001\0003\000\040\000d\000i\000s\000k\000\137\000e\000r\000r\000o\000r\000\040\000C\000l\000a\000s\000s\000\040\000R\000e\000f\000e\000r\000e\000n\000c\000e}{chapter.4}% 66
\BOOKMARK [1][-]{section.4.14}{\376\377\0004\000.\0001\0004\000\040\000D\000i\000s\000k\000M\000a\000n\000a\000g\000e\000r\000\040\000C\000l\000a\000s\000s\000\040\000R\000e\000f\000e\000r\000e\000n\000c\000e}{chapter.4}% 67
\BOOKMARK [2][-]{subsection.4.14.1}{\376\377\0004\000.\0001\0004\000.\0001\000\040\000C\000o\000n\000s\000t\000r\000u\000c\000t\000o\000r\000\040\000\046\000\040\000D\000e\000s\000t\000r\000u\000c\000t\000o\000r\000\040\000D\000o\000c\000u\000m\000e\000n\000t\000a\000t\000i\000o\000n}{section.4.14}% 68
\BOOKMARK [3][-]{subsubsection.4.14.1.1}{\376\377\0004\000.\0001\0004\000.\0001\000.\0001\000\040\000D\000i\000s\000k\000M\000a\000n\000a\000g\000e\000r\000\050\000\051}{subsection.4.14.1}% 69
\BOOKMARK [2][-]{subsection.4.14.2}{\376\377\0004\000.\0001\0004\000.\0002\000\040\000M\000e\000m\000b\000e\000r\000\040\000F\000u\000n\000c\000t\000i\000o\000n\000\040\000D\000o\000c\000u\000m\000e\000n\000t\000a\000t\000i\000o\000n}{section.4.14}% 70
\BOOKMARK [3][-]{subsubsection.4.14.2.1}{\376\377\0004\000.\0001\0004\000.\0002\000.\0001\000\040\000f\000i\000n\000d\000P\000a\000r\000t\000\050\000\051}{subsection.4.14.2}% 71
\BOOKMARK [3][-]{subsubsection.4.14.2.2}{\376\377\0004\000.\0001\0004\000.\0002\000.\0002\000\040\000g\000e\000t\000B\000l\000o\000c\000k\000S\000i\000z\000e\000\050\000\051}{subsection.4.14.2}% 72
\BOOKMARK [3][-]{subsubsection.4.14.2.3}{\376\377\0004\000.\0001\0004\000.\0002\000.\0003\000\040\000g\000e\000t\000P\000a\000r\000t\000i\000t\000i\000o\000n\000S\000i\000z\000e\000\050\000\051}{subsection.4.14.2}% 73
\BOOKMARK [3][-]{subsubsection.4.14.2.4}{\376\377\0004\000.\0001\0004\000.\0002\000.\0004\000\040\000r\000e\000a\000d\000D\000i\000s\000k\000B\000l\000o\000c\000k\000\050\000\051}{subsection.4.14.2}% 74
\BOOKMARK [3][-]{subsubsection.4.14.2.5}{\376\377\0004\000.\0001\0004\000.\0002\000.\0005\000\040\000w\000r\000i\000t\000e\000D\000i\000s\000k\000B\000l\000o\000c\000k\000\050\000\051}{subsection.4.14.2}% 75
\BOOKMARK [1][-]{section.4.15}{\376\377\0004\000.\0001\0005\000\040\000D\000i\000s\000k\000P\000a\000r\000t\000i\000t\000i\000o\000n\000\040\000S\000t\000r\000u\000c\000t\000\040\000R\000e\000f\000e\000r\000e\000n\000c\000e}{chapter.4}% 76
\BOOKMARK [1][-]{section.4.16}{\376\377\0004\000.\0001\0006\000\040\000F\000i\000l\000e\000\040\000C\000l\000a\000s\000s\000\040\000R\000e\000f\000e\000r\000e\000n\000c\000e}{chapter.4}% 77
\BOOKMARK [2][-]{subsection.4.16.1}{\376\377\0004\000.\0001\0006\000.\0001\000\040\000C\000o\000n\000s\000t\000r\000u\000c\000t\000o\000r\000\040\000\046\000\040\000D\000e\000s\000t\000r\000u\000c\000t\000o\000r\000\040\000D\000o\000c\000u\000m\000e\000n\000t\000a\000t\000i\000o\000n}{section.4.16}% 78
\BOOKMARK [3][-]{subsubsection.4.16.1.1}{\376\377\0004\000.\0001\0006\000.\0001\000.\0001\000\040\000F\000i\000l\000e\000\050\000\051}{subsection.4.16.1}% 79
\BOOKMARK [2][-]{subsection.4.16.2}{\376\377\0004\000.\0001\0006\000.\0002\000\040\000M\000e\000m\000b\000e\000r\000\040\000F\000u\000n\000c\000t\000i\000o\000n\000\040\000D\000o\000c\000u\000m\000e\000n\000t\000a\000t\000i\000o\000n}{section.4.16}% 80
\BOOKMARK [3][-]{subsubsection.4.16.2.1}{\376\377\0004\000.\0001\0006\000.\0002\000.\0001\000\040\000g\000e\000t\000\137\000a\000t\000t\000r\000i\000b\000u\000t\000e\000s\000\050\000\051}{subsection.4.16.2}% 81
\BOOKMARK [3][-]{subsubsection.4.16.2.2}{\376\377\0004\000.\0001\0006\000.\0002\000.\0002\000\040\000g\000e\000t\000\137\000n\000a\000m\000e\000\050\000\051}{subsection.4.16.2}% 82
\BOOKMARK [3][-]{subsubsection.4.16.2.3}{\376\377\0004\000.\0001\0006\000.\0002\000.\0003\000\040\000g\000e\000t\000\137\000t\000a\000g\000s\000\050\000\051}{subsection.4.16.2}% 83
\BOOKMARK [3][-]{subsubsection.4.16.2.4}{\376\377\0004\000.\0001\0006\000.\0002\000.\0004\000\040\000r\000e\000a\000d\000\137\000b\000u\000f\000f\000\050\000\051}{subsection.4.16.2}% 84
\BOOKMARK [1][-]{section.4.17}{\376\377\0004\000.\0001\0007\000\040\000f\000i\000l\000e\000\137\000a\000t\000t\000r\000i\000b\000u\000t\000e\000s\000\040\000S\000t\000r\000u\000c\000t\000\040\000R\000e\000f\000e\000r\000e\000n\000c\000e}{chapter.4}% 85
\BOOKMARK [1][-]{section.4.18}{\376\377\0004\000.\0001\0008\000\040\000f\000i\000l\000e\000\137\000e\000r\000r\000o\000r\000\040\000C\000l\000a\000s\000s\000\040\000R\000e\000f\000e\000r\000e\000n\000c\000e}{chapter.4}% 86
\BOOKMARK [1][-]{section.4.19}{\376\377\0004\000.\0001\0009\000\040\000F\000i\000l\000e\000I\000n\000f\000o\000\040\000C\000l\000a\000s\000s\000\040\000R\000e\000f\000e\000r\000e\000n\000c\000e}{chapter.4}% 87
\BOOKMARK [2][-]{subsection.4.19.1}{\376\377\0004\000.\0001\0009\000.\0001\000\040\000C\000o\000n\000s\000t\000r\000u\000c\000t\000o\000r\000\040\000\046\000\040\000D\000e\000s\000t\000r\000u\000c\000t\000o\000r\000\040\000D\000o\000c\000u\000m\000e\000n\000t\000a\000t\000i\000o\000n}{section.4.19}% 88
\BOOKMARK [3][-]{subsubsection.4.19.1.1}{\376\377\0004\000.\0001\0009\000.\0001\000.\0001\000\040\000F\000i\000l\000e\000I\000n\000f\000o\000\050\000\051}{subsection.4.19.1}% 89
\BOOKMARK [2][-]{subsection.4.19.2}{\376\377\0004\000.\0001\0009\000.\0002\000\040\000M\000e\000m\000b\000e\000r\000\040\000F\000u\000n\000c\000t\000i\000o\000n\000\040\000D\000o\000c\000u\000m\000e\000n\000t\000a\000t\000i\000o\000n}{section.4.19}% 90
\BOOKMARK [3][-]{subsubsection.4.19.2.1}{\376\377\0004\000.\0001\0009\000.\0002\000.\0001\000\040\000a\000d\000d\000\137\000d\000i\000r\000e\000c\000t\000\137\000b\000l\000o\000c\000k\000\050\000\051}{subsection.4.19.2}% 91
\BOOKMARK [3][-]{subsubsection.4.19.2.2}{\376\377\0004\000.\0001\0009\000.\0002\000.\0002\000\040\000a\000d\000d\000\137\000i\000n\000d\000i\000r\000e\000c\000t\000\137\000b\000l\000o\000c\000k\000\050\000\051}{subsection.4.19.2}% 92
\BOOKMARK [3][-]{subsubsection.4.19.2.3}{\376\377\0004\000.\0001\0009\000.\0002\000.\0003\000\040\000d\000e\000l\000\050\000\051}{subsection.4.19.2}% 93
\BOOKMARK [3][-]{subsubsection.4.19.2.4}{\376\377\0004\000.\0001\0009\000.\0002\000.\0004\000\040\000d\000e\000l\000e\000t\000e\000\137\000c\000o\000n\000t\000\137\000b\000l\000o\000c\000k\000s\000\050\000\051}{subsection.4.19.2}% 94
\BOOKMARK [3][-]{subsubsection.4.19.2.5}{\376\377\0004\000.\0001\0009\000.\0002\000.\0005\000\040\000e\000r\000a\000s\000e\000\050\000\051}{subsection.4.19.2}% 95
\BOOKMARK [3][-]{subsubsection.4.19.2.6}{\376\377\0004\000.\0001\0009\000.\0002\000.\0006\000\040\000g\000e\000t\000\137\000a\000t\000t\000r\000i\000b\000u\000t\000e\000s\000\050\000\051}{subsection.4.19.2}% 96
\BOOKMARK [3][-]{subsubsection.4.19.2.7}{\376\377\0004\000.\0001\0009\000.\0002\000.\0007\000\040\000g\000e\000t\000\137\000f\000i\000l\000e\000\137\000s\000i\000z\000e\000\050\000\051}{subsection.4.19.2}% 97
\BOOKMARK [3][-]{subsubsection.4.19.2.8}{\376\377\0004\000.\0001\0009\000.\0002\000.\0008\000\040\000g\000e\000t\000\137\000f\000i\000n\000o\000d\000e\000\050\000\051}{subsection.4.19.2}% 98
\BOOKMARK [3][-]{subsubsection.4.19.2.9}{\376\377\0004\000.\0001\0009\000.\0002\000.\0009\000\040\000g\000e\000t\000\137\000t\000a\000g\000s\000\050\000\051}{subsection.4.19.2}% 99
\BOOKMARK [3][-]{subsubsection.4.19.2.10}{\376\377\0004\000.\0001\0009\000.\0002\000.\0001\0000\000\040\000i\000n\000s\000e\000r\000t\000\050\000\051}{subsection.4.19.2}% 100
\BOOKMARK [3][-]{subsubsection.4.19.2.11}{\376\377\0004\000.\0001\0009\000.\0002\000.\0001\0001\000\040\000i\000n\000s\000e\000r\000t\000\137\000a\000d\000d\000i\000t\000i\000o\000n\000\050\000\051}{subsection.4.19.2}% 101
\BOOKMARK [3][-]{subsubsection.4.19.2.12}{\376\377\0004\000.\0001\0009\000.\0002\000.\0001\0002\000\040\000i\000n\000s\000e\000r\000t\000\137\000d\000e\000l\000e\000t\000i\000o\000n\000\050\000\051}{subsection.4.19.2}% 102
\BOOKMARK [3][-]{subsubsection.4.19.2.13}{\376\377\0004\000.\0001\0009\000.\0002\000.\0001\0003\000\040\000m\000a\000n\000g\000l\000e\000\050\000\051\000\040\000[\0001\000/\0003\000]}{subsection.4.19.2}% 103
\BOOKMARK [3][-]{subsubsection.4.19.2.14}{\376\377\0004\000.\0001\0009\000.\0002\000.\0001\0004\000\040\000m\000a\000n\000g\000l\000e\000\050\000\051\000\040\000[\0002\000/\0003\000]}{subsection.4.19.2}% 104
\BOOKMARK [3][-]{subsubsection.4.19.2.15}{\376\377\0004\000.\0001\0009\000.\0002\000.\0001\0005\000\040\000m\000a\000n\000g\000l\000e\000\050\000\051\000\040\000[\0003\000/\0003\000]}{subsection.4.19.2}% 105
\BOOKMARK [3][-]{subsubsection.4.19.2.16}{\376\377\0004\000.\0001\0009\000.\0002\000.\0001\0006\000\040\000r\000e\000a\000d\000\137\000i\000n\000\050\000\051}{subsection.4.19.2}% 106
\BOOKMARK [3][-]{subsubsection.4.19.2.17}{\376\377\0004\000.\0001\0009\000.\0002\000.\0001\0007\000\040\000s\000e\000r\000i\000a\000l\000i\000z\000e\000\050\000\051}{subsection.4.19.2}% 107
\BOOKMARK [3][-]{subsubsection.4.19.2.18}{\376\377\0004\000.\0001\0009\000.\0002\000.\0001\0008\000\040\000s\000e\000t\000\137\000a\000c\000c\000e\000s\000s\000\050\000\051}{subsection.4.19.2}% 108
\BOOKMARK [3][-]{subsubsection.4.19.2.19}{\376\377\0004\000.\0001\0009\000.\0002\000.\0001\0009\000\040\000s\000e\000t\000\137\000e\000d\000i\000t\000\050\000\051}{subsection.4.19.2}% 109
\BOOKMARK [3][-]{subsubsection.4.19.2.20}{\376\377\0004\000.\0001\0009\000.\0002\000.\0002\0000\000\040\000s\000e\000t\000\137\000p\000e\000r\000m\000i\000s\000s\000i\000o\000n\000s\000\050\000\051}{subsection.4.19.2}% 110
\BOOKMARK [3][-]{subsubsection.4.19.2.21}{\376\377\0004\000.\0001\0009\000.\0002\000.\0002\0001\000\040\000u\000p\000d\000a\000t\000e\000\137\000f\000i\000l\000e\000\137\000s\000i\000z\000e\000\050\000\051}{subsection.4.19.2}% 111
\BOOKMARK [3][-]{subsubsection.4.19.2.22}{\376\377\0004\000.\0001\0009\000.\0002\000.\0002\0002\000\040\000w\000r\000i\000t\000e\000\137\000o\000u\000t\000\050\000\051}{subsection.4.19.2}% 112
\BOOKMARK [1][-]{section.4.20}{\376\377\0004\000.\0002\0000\000\040\000F\000i\000l\000e\000O\000p\000e\000n\000\040\000C\000l\000a\000s\000s\000\040\000R\000e\000f\000e\000r\000e\000n\000c\000e}{chapter.4}% 113
\BOOKMARK [1][-]{section.4.21}{\376\377\0004\000.\0002\0001\000\040\000F\000i\000l\000e\000S\000y\000s\000t\000e\000m\000\040\000C\000l\000a\000s\000s\000\040\000R\000e\000f\000e\000r\000e\000n\000c\000e}{chapter.4}% 114
\BOOKMARK [2][-]{subsection.4.21.1}{\376\377\0004\000.\0002\0001\000.\0001\000\040\000C\000o\000n\000s\000t\000r\000u\000c\000t\000o\000r\000\040\000\046\000\040\000D\000e\000s\000t\000r\000u\000c\000t\000o\000r\000\040\000D\000o\000c\000u\000m\000e\000n\000t\000a\000t\000i\000o\000n}{section.4.21}% 115
\BOOKMARK [3][-]{subsubsection.4.21.1.1}{\376\377\0004\000.\0002\0001\000.\0001\000.\0001\000\040\000F\000i\000l\000e\000S\000y\000s\000t\000e\000m\000\050\000\051}{subsection.4.21.1}% 116
\BOOKMARK [2][-]{subsection.4.21.2}{\376\377\0004\000.\0002\0001\000.\0002\000\040\000M\000e\000m\000b\000e\000r\000\040\000F\000u\000n\000c\000t\000i\000o\000n\000\040\000D\000o\000c\000u\000m\000e\000n\000t\000a\000t\000i\000o\000n}{section.4.21}% 117
\BOOKMARK [3][-]{subsubsection.4.21.2.1}{\376\377\0004\000.\0002\0001\000.\0002\000.\0001\000\040\000a\000p\000p\000e\000n\000d\000\137\000f\000i\000l\000e\000\050\000\051}{subsection.4.21.2}% 118
\BOOKMARK [3][-]{subsubsection.4.21.2.2}{\376\377\0004\000.\0002\0001\000.\0002\000.\0002\000\040\000c\000l\000o\000s\000e\000\137\000f\000i\000l\000e\000\050\000\051}{subsection.4.21.2}% 119
\BOOKMARK [3][-]{subsubsection.4.21.2.3}{\376\377\0004\000.\0002\0001\000.\0002\000.\0003\000\040\000c\000r\000e\000a\000t\000e\000\137\000f\000i\000l\000e\000\050\000\051}{subsection.4.21.2}% 120
\BOOKMARK [3][-]{subsubsection.4.21.2.4}{\376\377\0004\000.\0002\0001\000.\0002\000.\0004\000\040\000c\000r\000e\000a\000t\000e\000\137\000t\000a\000g\000\050\000\051}{subsection.4.21.2}% 121
\BOOKMARK [3][-]{subsubsection.4.21.2.5}{\376\377\0004\000.\0002\0001\000.\0002\000.\0005\000\040\000d\000e\000l\000e\000t\000e\000\137\000f\000i\000l\000e\000\050\000\051\000\040\000[\0001\000/\0002\000]}{subsection.4.21.2}% 122
\BOOKMARK [3][-]{subsubsection.4.21.2.6}{\376\377\0004\000.\0002\0001\000.\0002\000.\0006\000\040\000d\000e\000l\000e\000t\000e\000\137\000f\000i\000l\000e\000\050\000\051\000\040\000[\0002\000/\0002\000]}{subsection.4.21.2}% 123
\BOOKMARK [3][-]{subsubsection.4.21.2.7}{\376\377\0004\000.\0002\0001\000.\0002\000.\0007\000\040\000d\000e\000l\000e\000t\000e\000\137\000t\000a\000g\000\050\000\051}{subsection.4.21.2}% 124
\BOOKMARK [3][-]{subsubsection.4.21.2.8}{\376\377\0004\000.\0002\0001\000.\0002\000.\0008\000\040\000f\000i\000l\000e\000\137\000s\000e\000a\000r\000c\000h\000\050\000\051}{subsection.4.21.2}% 125
\BOOKMARK [3][-]{subsubsection.4.21.2.9}{\376\377\0004\000.\0002\0001\000.\0002\000.\0009\000\040\000g\000e\000t\000\137\000a\000t\000t\000r\000i\000b\000u\000t\000e\000s\000\050\000\051}{subsection.4.21.2}% 126
\BOOKMARK [3][-]{subsubsection.4.21.2.10}{\376\377\0004\000.\0002\0001\000.\0002\000.\0001\0000\000\040\000g\000e\000t\000\137\000f\000i\000l\000e\000\137\000n\000a\000m\000e\000\137\000s\000i\000z\000e\000\050\000\051}{subsection.4.21.2}% 127
\BOOKMARK [3][-]{subsubsection.4.21.2.11}{\376\377\0004\000.\0002\0001\000.\0002\000.\0001\0001\000\040\000m\000e\000r\000g\000e\000\137\000t\000a\000g\000s\000\050\000\051}{subsection.4.21.2}% 128
\BOOKMARK [3][-]{subsubsection.4.21.2.12}{\376\377\0004\000.\0002\0001\000.\0002\000.\0001\0002\000\040\000o\000p\000e\000n\000\137\000f\000i\000l\000e\000\050\000\051}{subsection.4.21.2}% 129
\BOOKMARK [3][-]{subsubsection.4.21.2.13}{\376\377\0004\000.\0002\0001\000.\0002\000.\0001\0003\000\040\000p\000a\000t\000h\000\137\000t\000o\000\137\000f\000i\000l\000e\000\050\000\051}{subsection.4.21.2}% 130
\BOOKMARK [3][-]{subsubsection.4.21.2.14}{\376\377\0004\000.\0002\0001\000.\0002\000.\0001\0004\000\040\000p\000r\000i\000n\000t\000\137\000f\000i\000l\000e\000s\000\050\000\051}{subsection.4.21.2}% 131
\BOOKMARK [3][-]{subsubsection.4.21.2.15}{\376\377\0004\000.\0002\0001\000.\0002\000.\0001\0005\000\040\000p\000r\000i\000n\000t\000\137\000r\000o\000o\000t\000\050\000\051}{subsection.4.21.2}% 132
\BOOKMARK [3][-]{subsubsection.4.21.2.16}{\376\377\0004\000.\0002\0001\000.\0002\000.\0001\0006\000\040\000p\000r\000i\000n\000t\000\137\000t\000a\000g\000s\000\050\000\051}{subsection.4.21.2}% 133
\BOOKMARK [3][-]{subsubsection.4.21.2.17}{\376\377\0004\000.\0002\0001\000.\0002\000.\0001\0007\000\040\000r\000e\000a\000d\000\137\000f\000i\000l\000e\000\050\000\051}{subsection.4.21.2}% 134
\BOOKMARK [3][-]{subsubsection.4.21.2.18}{\376\377\0004\000.\0002\0001\000.\0002\000.\0001\0008\000\040\000r\000e\000n\000a\000m\000e\000\137\000f\000i\000l\000e\000\050\000\051}{subsection.4.21.2}% 135
\BOOKMARK [3][-]{subsubsection.4.21.2.19}{\376\377\0004\000.\0002\0001\000.\0002\000.\0001\0009\000\040\000r\000e\000n\000a\000m\000e\000\137\000t\000a\000g\000\050\000\051}{subsection.4.21.2}% 136
\BOOKMARK [3][-]{subsubsection.4.21.2.20}{\376\377\0004\000.\0002\0001\000.\0002\000.\0002\0000\000\040\000s\000e\000e\000k\000\137\000f\000i\000l\000e\000\137\000a\000b\000s\000o\000l\000u\000t\000e\000\050\000\051}{subsection.4.21.2}% 137
\BOOKMARK [3][-]{subsubsection.4.21.2.21}{\376\377\0004\000.\0002\0001\000.\0002\000.\0002\0001\000\040\000s\000e\000e\000k\000\137\000f\000i\000l\000e\000\137\000r\000e\000l\000a\000t\000i\000v\000e\000\050\000\051}{subsection.4.21.2}% 138
\BOOKMARK [3][-]{subsubsection.4.21.2.22}{\376\377\0004\000.\0002\0001\000.\0002\000.\0002\0002\000\040\000s\000e\000t\000\137\000p\000e\000r\000m\000i\000s\000s\000i\000o\000n\000s\000\050\000\051}{subsection.4.21.2}% 139
\BOOKMARK [3][-]{subsubsection.4.21.2.23}{\376\377\0004\000.\0002\0001\000.\0002\000.\0002\0003\000\040\000t\000a\000g\000\137\000f\000i\000l\000e\000\050\000\051\000\040\000[\0001\000/\0002\000]}{subsection.4.21.2}% 140
\BOOKMARK [3][-]{subsubsection.4.21.2.24}{\376\377\0004\000.\0002\0001\000.\0002\000.\0002\0004\000\040\000t\000a\000g\000\137\000f\000i\000l\000e\000\050\000\051\000\040\000[\0002\000/\0002\000]}{subsection.4.21.2}% 141
\BOOKMARK [3][-]{subsubsection.4.21.2.25}{\376\377\0004\000.\0002\0001\000.\0002\000.\0002\0005\000\040\000t\000a\000g\000\137\000s\000e\000a\000r\000c\000h\000\050\000\051}{subsection.4.21.2}% 142
\BOOKMARK [3][-]{subsubsection.4.21.2.26}{\376\377\0004\000.\0002\0001\000.\0002\000.\0002\0006\000\040\000u\000n\000t\000a\000g\000\137\000f\000i\000l\000e\000\050\000\051\000\040\000[\0001\000/\0002\000]}{subsection.4.21.2}% 143
\BOOKMARK [3][-]{subsubsection.4.21.2.27}{\376\377\0004\000.\0002\0001\000.\0002\000.\0002\0007\000\040\000u\000n\000t\000a\000g\000\137\000f\000i\000l\000e\000\050\000\051\000\040\000[\0002\000/\0002\000]}{subsection.4.21.2}% 144
\BOOKMARK [3][-]{subsubsection.4.21.2.28}{\376\377\0004\000.\0002\0001\000.\0002\000.\0002\0008\000\040\000w\000r\000i\000t\000e\000\137\000c\000h\000a\000n\000g\000e\000s\000\050\000\051}{subsection.4.21.2}% 145
\BOOKMARK [3][-]{subsubsection.4.21.2.29}{\376\377\0004\000.\0002\0001\000.\0002\000.\0002\0009\000\040\000w\000r\000i\000t\000e\000\137\000f\000i\000l\000e\000\050\000\051}{subsection.4.21.2}% 146
\BOOKMARK [1][-]{section.4.22}{\376\377\0004\000.\0002\0002\000\040\000f\000i\000n\000o\000d\000e\000\040\000S\000t\000r\000u\000c\000t\000\040\000R\000e\000f\000e\000r\000e\000n\000c\000e}{chapter.4}% 147
\BOOKMARK [1][-]{section.4.23}{\376\377\0004\000.\0002\0003\000\040\000i\000n\000d\000e\000x\000\040\000S\000t\000r\000u\000c\000t\000\040\000R\000e\000f\000e\000r\000e\000n\000c\000e}{chapter.4}% 148
\BOOKMARK [1][-]{section.4.24}{\376\377\0004\000.\0002\0004\000\040\000i\000n\000v\000a\000l\000i\000d\000\137\000a\000r\000g\000\040\000C\000l\000a\000s\000s\000\040\000R\000e\000f\000e\000r\000e\000n\000c\000e}{chapter.4}% 149
\BOOKMARK [1][-]{section.4.25}{\376\377\0004\000.\0002\0005\000\040\000M\000o\000d\000i\000f\000i\000c\000a\000t\000i\000o\000n\000\040\000C\000l\000a\000s\000s\000\040\000R\000e\000f\000e\000r\000e\000n\000c\000e}{chapter.4}% 150
\BOOKMARK [1][-]{section.4.26}{\376\377\0004\000.\0002\0006\000\040\000P\000a\000r\000s\000e\000E\000r\000r\000o\000r\000\040\000C\000l\000a\000s\000s\000\040\000R\000e\000f\000e\000r\000e\000n\000c\000e}{chapter.4}% 151
\BOOKMARK [2][-]{subsection.4.26.1}{\376\377\0004\000.\0002\0006\000.\0001\000\040\000C\000o\000n\000s\000t\000r\000u\000c\000t\000o\000r\000\040\000\046\000\040\000D\000e\000s\000t\000r\000u\000c\000t\000o\000r\000\040\000D\000o\000c\000u\000m\000e\000n\000t\000a\000t\000i\000o\000n}{section.4.26}% 152
\BOOKMARK [3][-]{subsubsection.4.26.1.1}{\376\377\0004\000.\0002\0006\000.\0001\000.\0001\000\040\000P\000a\000r\000s\000e\000E\000r\000r\000o\000r\000\050\000\051}{subsection.4.26.1}% 153
\BOOKMARK [2][-]{subsection.4.26.2}{\376\377\0004\000.\0002\0006\000.\0002\000\040\000M\000e\000m\000b\000e\000r\000\040\000F\000u\000n\000c\000t\000i\000o\000n\000\040\000D\000o\000c\000u\000m\000e\000n\000t\000a\000t\000i\000o\000n}{section.4.26}% 154
\BOOKMARK [3][-]{subsubsection.4.26.2.1}{\376\377\0004\000.\0002\0006\000.\0002\000.\0001\000\040\000w\000h\000a\000t\000\050\000\051}{subsection.4.26.2}% 155
\BOOKMARK [3][-]{subsubsection.4.26.2.2}{\376\377\0004\000.\0002\0006\000.\0002\000.\0002\000\040\000w\000h\000e\000r\000e\000\050\000\051}{subsection.4.26.2}% 156
\BOOKMARK [1][-]{section.4.27}{\376\377\0004\000.\0002\0007\000\040\000P\000a\000r\000s\000e\000r\000\040\000C\000l\000a\000s\000s\000\040\000R\000e\000f\000e\000r\000e\000n\000c\000e}{chapter.4}% 157
\BOOKMARK [2][-]{subsection.4.27.1}{\376\377\0004\000.\0002\0007\000.\0001\000\040\000C\000o\000n\000s\000t\000r\000u\000c\000t\000o\000r\000\040\000\046\000\040\000D\000e\000s\000t\000r\000u\000c\000t\000o\000r\000\040\000D\000o\000c\000u\000m\000e\000n\000t\000a\000t\000i\000o\000n}{section.4.27}% 158
\BOOKMARK [3][-]{subsubsection.4.27.1.1}{\376\377\0004\000.\0002\0007\000.\0001\000.\0001\000\040\000P\000a\000r\000s\000e\000r\000\050\000\051\000\040\000[\0001\000/\0004\000]}{subsection.4.27.1}% 159
\BOOKMARK [3][-]{subsubsection.4.27.1.2}{\376\377\0004\000.\0002\0007\000.\0001\000.\0002\000\040\000P\000a\000r\000s\000e\000r\000\050\000\051\000\040\000[\0002\000/\0004\000]}{subsection.4.27.1}% 160
\BOOKMARK [3][-]{subsubsection.4.27.1.3}{\376\377\0004\000.\0002\0007\000.\0001\000.\0003\000\040\000P\000a\000r\000s\000e\000r\000\050\000\051\000\040\000[\0003\000/\0004\000]}{subsection.4.27.1}% 161
\BOOKMARK [3][-]{subsubsection.4.27.1.4}{\376\377\0004\000.\0002\0007\000.\0001\000.\0004\000\040\000P\000a\000r\000s\000e\000r\000\050\000\051\000\040\000[\0004\000/\0004\000]}{subsection.4.27.1}% 162
\BOOKMARK [3][-]{subsubsection.4.27.1.5}{\376\377\0004\000.\0002\0007\000.\0001\000.\0005\000\040\000\040\000P\000a\000r\000s\000e\000r\000\050\000\051}{subsection.4.27.1}% 163
\BOOKMARK [2][-]{subsection.4.27.2}{\376\377\0004\000.\0002\0007\000.\0002\000\040\000M\000e\000m\000b\000e\000r\000\040\000F\000u\000n\000c\000t\000i\000o\000n\000\040\000D\000o\000c\000u\000m\000e\000n\000t\000a\000t\000i\000o\000n}{section.4.27}% 164
\BOOKMARK [3][-]{subsubsection.4.27.2.1}{\376\377\0004\000.\0002\0007\000.\0002\000.\0001\000\040\000g\000e\000t\000\137\000c\000w\000d\000\137\000t\000a\000g\000s\000\050\000\051}{subsection.4.27.2}% 165
\BOOKMARK [3][-]{subsubsection.4.27.2.2}{\376\377\0004\000.\0002\0007\000.\0002\000.\0002\000\040\000p\000a\000r\000s\000e\000\050\000\051}{subsection.4.27.2}% 166
\BOOKMARK [3][-]{subsubsection.4.27.2.3}{\376\377\0004\000.\0002\0007\000.\0002\000.\0003\000\040\000r\000e\000s\000e\000t\000\050\000\051\000\040\000[\0001\000/\0003\000]}{subsection.4.27.2}% 167
\BOOKMARK [3][-]{subsubsection.4.27.2.4}{\376\377\0004\000.\0002\0007\000.\0002\000.\0004\000\040\000r\000e\000s\000e\000t\000\050\000\051\000\040\000[\0002\000/\0003\000]}{subsection.4.27.2}% 168
\BOOKMARK [3][-]{subsubsection.4.27.2.5}{\376\377\0004\000.\0002\0007\000.\0002\000.\0005\000\040\000r\000e\000s\000e\000t\000\050\000\051\000\040\000[\0003\000/\0003\000]}{subsection.4.27.2}% 169
\BOOKMARK [3][-]{subsubsection.4.27.2.6}{\376\377\0004\000.\0002\0007\000.\0002\000.\0006\000\040\000s\000e\000t\000\137\000c\000w\000d\000\050\000\051}{subsection.4.27.2}% 170
\BOOKMARK [3][-]{subsubsection.4.27.2.7}{\376\377\0004\000.\0002\0007\000.\0002\000.\0007\000\040\000s\000e\000t\000\137\000m\000a\000x\000\137\000n\000a\000m\000e\000\137\000s\000i\000z\000e\000\050\000\051}{subsection.4.27.2}% 171
\BOOKMARK [3][-]{subsubsection.4.27.2.8}{\376\377\0004\000.\0002\0007\000.\0002\000.\0008\000\040\000s\000p\000l\000i\000t\000\137\000o\000n\000\137\000d\000e\000l\000i\000m\000\050\000\051}{subsection.4.27.2}% 172
\BOOKMARK [1][-]{section.4.28}{\376\377\0004\000.\0002\0008\000\040\000P\000a\000r\000t\000i\000t\000i\000o\000n\000M\000a\000n\000a\000g\000e\000r\000\040\000C\000l\000a\000s\000s\000\040\000R\000e\000f\000e\000r\000e\000n\000c\000e}{chapter.4}% 173
\BOOKMARK [2][-]{subsection.4.28.1}{\376\377\0004\000.\0002\0008\000.\0001\000\040\000C\000o\000n\000s\000t\000r\000u\000c\000t\000o\000r\000\040\000\046\000\040\000D\000e\000s\000t\000r\000u\000c\000t\000o\000r\000\040\000D\000o\000c\000u\000m\000e\000n\000t\000a\000t\000i\000o\000n}{section.4.28}% 174
\BOOKMARK [3][-]{subsubsection.4.28.1.1}{\376\377\0004\000.\0002\0008\000.\0001\000.\0001\000\040\000P\000a\000r\000t\000i\000t\000i\000o\000n\000M\000a\000n\000a\000g\000e\000r\000\050\000\051}{subsection.4.28.1}% 175
\BOOKMARK [2][-]{subsection.4.28.2}{\376\377\0004\000.\0002\0008\000.\0002\000\040\000M\000e\000m\000b\000e\000r\000\040\000F\000u\000n\000c\000t\000i\000o\000n\000\040\000D\000o\000c\000u\000m\000e\000n\000t\000a\000t\000i\000o\000n}{section.4.28}% 176
\BOOKMARK [3][-]{subsubsection.4.28.2.1}{\376\377\0004\000.\0002\0008\000.\0002\000.\0001\000\040\000g\000e\000t\000\137\000f\000i\000l\000e\000\137\000n\000a\000m\000e\000\137\000s\000i\000z\000e\000\050\000\051}{subsection.4.28.2}% 177
\BOOKMARK [3][-]{subsubsection.4.28.2.2}{\376\377\0004\000.\0002\0008\000.\0002\000.\0002\000\040\000g\000e\000t\000B\000l\000o\000c\000k\000S\000i\000z\000e\000\050\000\051}{subsection.4.28.2}% 178
\BOOKMARK [3][-]{subsubsection.4.28.2.3}{\376\377\0004\000.\0002\0008\000.\0002\000.\0003\000\040\000g\000e\000t\000F\000r\000e\000e\000D\000i\000s\000k\000B\000l\000o\000c\000k\000\050\000\051}{subsection.4.28.2}% 179
\BOOKMARK [3][-]{subsubsection.4.28.2.4}{\376\377\0004\000.\0002\0008\000.\0002\000.\0004\000\040\000g\000e\000t\000P\000a\000r\000t\000i\000t\000i\000o\000n\000N\000a\000m\000e\000\050\000\051}{subsection.4.28.2}% 180
\BOOKMARK [3][-]{subsubsection.4.28.2.5}{\376\377\0004\000.\0002\0008\000.\0002\000.\0005\000\040\000r\000e\000a\000d\000D\000i\000s\000k\000B\000l\000o\000c\000k\000\050\000\051}{subsection.4.28.2}% 181
\BOOKMARK [3][-]{subsubsection.4.28.2.6}{\376\377\0004\000.\0002\0008\000.\0002\000.\0006\000\040\000r\000e\000t\000u\000r\000n\000D\000i\000s\000k\000B\000l\000o\000c\000k\000\050\000\051}{subsection.4.28.2}% 182
\BOOKMARK [3][-]{subsubsection.4.28.2.7}{\376\377\0004\000.\0002\0008\000.\0002\000.\0007\000\040\000w\000r\000i\000t\000e\000D\000i\000s\000k\000B\000l\000o\000c\000k\000\050\000\051}{subsection.4.28.2}% 183
\BOOKMARK [1][-]{section.4.29}{\376\377\0004\000.\0002\0009\000\040\000r\000o\000o\000t\000S\000u\000p\000e\000r\000B\000l\000o\000c\000k\000\040\000S\000t\000r\000u\000c\000t\000\040\000R\000e\000f\000e\000r\000e\000n\000c\000e}{chapter.4}% 184
\BOOKMARK [1][-]{section.4.30}{\376\377\0004\000.\0003\0000\000\040\000R\000o\000o\000t\000T\000r\000e\000e\000\040\000C\000l\000a\000s\000s\000\040\000R\000e\000f\000e\000r\000e\000n\000c\000e}{chapter.4}% 185
\BOOKMARK [2][-]{subsection.4.30.1}{\376\377\0004\000.\0003\0000\000.\0001\000\040\000C\000o\000n\000s\000t\000r\000u\000c\000t\000o\000r\000\040\000\046\000\040\000D\000e\000s\000t\000r\000u\000c\000t\000o\000r\000\040\000D\000o\000c\000u\000m\000e\000n\000t\000a\000t\000i\000o\000n}{section.4.30}% 186
\BOOKMARK [3][-]{subsubsection.4.30.1.1}{\376\377\0004\000.\0003\0000\000.\0001\000.\0001\000\040\000R\000o\000o\000t\000T\000r\000e\000e\000\050\000\051}{subsection.4.30.1}% 187
\BOOKMARK [2][-]{subsection.4.30.2}{\376\377\0004\000.\0003\0000\000.\0002\000\040\000M\000e\000m\000b\000e\000r\000\040\000F\000u\000n\000c\000t\000i\000o\000n\000\040\000D\000o\000c\000u\000m\000e\000n\000t\000a\000t\000i\000o\000n}{section.4.30}% 188
\BOOKMARK [3][-]{subsubsection.4.30.2.1}{\376\377\0004\000.\0003\0000\000.\0002\000.\0001\000\040\000d\000e\000l\000\050\000\051}{subsection.4.30.2}% 189
\BOOKMARK [3][-]{subsubsection.4.30.2.2}{\376\377\0004\000.\0003\0000\000.\0002\000.\0002\000\040\000r\000e\000a\000d\000\137\000i\000n\000\050\000\051}{subsection.4.30.2}% 190
\BOOKMARK [3][-]{subsubsection.4.30.2.3}{\376\377\0004\000.\0003\0000\000.\0002\000.\0003\000\040\000w\000r\000i\000t\000e\000\137\000o\000u\000t\000\050\000\051}{subsection.4.30.2}% 191
\BOOKMARK [1][-]{section.4.31}{\376\377\0004\000.\0003\0001\000\040\000t\000a\000g\000\137\000e\000r\000r\000o\000r\000\040\000C\000l\000a\000s\000s\000\040\000R\000e\000f\000e\000r\000e\000n\000c\000e}{chapter.4}% 192
\BOOKMARK [1][-]{section.4.32}{\376\377\0004\000.\0003\0002\000\040\000T\000a\000g\000T\000r\000e\000e\000\040\000C\000l\000a\000s\000s\000\040\000R\000e\000f\000e\000r\000e\000n\000c\000e}{chapter.4}% 193
\BOOKMARK [2][-]{subsection.4.32.1}{\376\377\0004\000.\0003\0002\000.\0001\000\040\000C\000o\000n\000s\000t\000r\000u\000c\000t\000o\000r\000\040\000\046\000\040\000D\000e\000s\000t\000r\000u\000c\000t\000o\000r\000\040\000D\000o\000c\000u\000m\000e\000n\000t\000a\000t\000i\000o\000n}{section.4.32}% 194
\BOOKMARK [3][-]{subsubsection.4.32.1.1}{\376\377\0004\000.\0003\0002\000.\0001\000.\0001\000\040\000T\000a\000g\000T\000r\000e\000e\000\050\000\051}{subsection.4.32.1}% 195
\BOOKMARK [2][-]{subsection.4.32.2}{\376\377\0004\000.\0003\0002\000.\0002\000\040\000M\000e\000m\000b\000e\000r\000\040\000F\000u\000n\000c\000t\000i\000o\000n\000\040\000D\000o\000c\000u\000m\000e\000n\000t\000a\000t\000i\000o\000n}{section.4.32}% 196
\BOOKMARK [3][-]{subsubsection.4.32.2.1}{\376\377\0004\000.\0003\0002\000.\0002\000.\0001\000\040\000d\000e\000l\000\050\000\051}{subsection.4.32.2}% 197
\BOOKMARK [3][-]{subsubsection.4.32.2.2}{\376\377\0004\000.\0003\0002\000.\0002\000.\0002\000\040\000r\000e\000a\000d\000\137\000i\000n\000\050\000\051}{subsection.4.32.2}% 198
\BOOKMARK [3][-]{subsubsection.4.32.2.3}{\376\377\0004\000.\0003\0002\000.\0002\000.\0003\000\040\000w\000r\000i\000t\000e\000\137\000o\000u\000t\000\050\000\051}{subsection.4.32.2}% 199
\BOOKMARK [1][-]{section.4.33}{\376\377\0004\000.\0003\0003\000\040\000t\000a\000g\000T\000r\000e\000e\000S\000u\000p\000e\000r\000B\000l\000o\000c\000k\000\040\000S\000t\000r\000u\000c\000t\000\040\000R\000e\000f\000e\000r\000e\000n\000c\000e}{chapter.4}% 200
\BOOKMARK [1][-]{section.4.34}{\376\377\0004\000.\0003\0004\000\040\000T\000r\000e\000e\000O\000b\000j\000e\000c\000t\000\040\000C\000l\000a\000s\000s\000\040\000R\000e\000f\000e\000r\000e\000n\000c\000e}{chapter.4}% 201
\BOOKMARK [2][-]{subsection.4.34.1}{\376\377\0004\000.\0003\0004\000.\0001\000\040\000C\000o\000n\000s\000t\000r\000u\000c\000t\000o\000r\000\040\000\046\000\040\000D\000e\000s\000t\000r\000u\000c\000t\000o\000r\000\040\000D\000o\000c\000u\000m\000e\000n\000t\000a\000t\000i\000o\000n}{section.4.34}% 202
\BOOKMARK [3][-]{subsubsection.4.34.1.1}{\376\377\0004\000.\0003\0004\000.\0001\000.\0001\000\040\000T\000r\000e\000e\000O\000b\000j\000e\000c\000t\000\050\000\051}{subsection.4.34.1}% 203
\BOOKMARK [2][-]{subsection.4.34.2}{\376\377\0004\000.\0003\0004\000.\0002\000\040\000M\000e\000m\000b\000e\000r\000\040\000F\000u\000n\000c\000t\000i\000o\000n\000\040\000D\000o\000c\000u\000m\000e\000n\000t\000a\000t\000i\000o\000n}{section.4.34}% 204
\BOOKMARK [3][-]{subsubsection.4.34.2.1}{\376\377\0004\000.\0003\0004\000.\0002\000.\0001\000\040\000a\000d\000d\000\137\000i\000n\000d\000e\000x\000\050\000\051}{subsection.4.34.2}% 205
\BOOKMARK [3][-]{subsubsection.4.34.2.2}{\376\377\0004\000.\0003\0004\000.\0002\000.\0002\000\040\000b\000e\000g\000i\000n\000\050\000\051}{subsection.4.34.2}% 206
\BOOKMARK [3][-]{subsubsection.4.34.2.3}{\376\377\0004\000.\0003\0004\000.\0002\000.\0003\000\040\000d\000e\000l\000\050\000\051}{subsection.4.34.2}% 207
\BOOKMARK [3][-]{subsubsection.4.34.2.4}{\376\377\0004\000.\0003\0004\000.\0002\000.\0004\000\040\000d\000e\000l\000e\000t\000e\000\137\000c\000o\000n\000t\000\137\000b\000l\000o\000c\000k\000s\000\050\000\051}{subsection.4.34.2}% 208
\BOOKMARK [3][-]{subsubsection.4.34.2.5}{\376\377\0004\000.\0003\0004\000.\0002\000.\0005\000\040\000e\000n\000d\000\050\000\051}{subsection.4.34.2}% 209
\BOOKMARK [3][-]{subsubsection.4.34.2.6}{\376\377\0004\000.\0003\0004\000.\0002\000.\0006\000\040\000e\000r\000a\000s\000e\000\050\000\051}{subsection.4.34.2}% 210
\BOOKMARK [3][-]{subsubsection.4.34.2.7}{\376\377\0004\000.\0003\0004\000.\0002\000.\0007\000\040\000f\000i\000n\000d\000\050\000\051}{subsection.4.34.2}% 211
\BOOKMARK [3][-]{subsubsection.4.34.2.8}{\376\377\0004\000.\0003\0004\000.\0002\000.\0008\000\040\000g\000e\000t\000\137\000b\000l\000o\000c\000k\000\137\000n\000u\000m\000b\000e\000r\000\050\000\051}{subsection.4.34.2}% 212
\BOOKMARK [3][-]{subsubsection.4.34.2.9}{\376\377\0004\000.\0003\0004\000.\0002\000.\0009\000\040\000g\000e\000t\000\137\000f\000r\000e\000e\000\137\000s\000p\000o\000t\000s\000\050\000\051}{subsection.4.34.2}% 213
\BOOKMARK [3][-]{subsubsection.4.34.2.10}{\376\377\0004\000.\0003\0004\000.\0002\000.\0001\0000\000\040\000g\000e\000t\000\137\000i\000n\000d\000e\000x\000\050\000\051}{subsection.4.34.2}% 214
\BOOKMARK [3][-]{subsubsection.4.34.2.11}{\376\377\0004\000.\0003\0004\000.\0002\000.\0001\0001\000\040\000g\000e\000t\000\137\000l\000a\000s\000t\000\137\000e\000n\000t\000r\000y\000\050\000\051}{subsection.4.34.2}% 215
\BOOKMARK [3][-]{subsubsection.4.34.2.12}{\376\377\0004\000.\0003\0004\000.\0002\000.\0001\0002\000\040\000g\000e\000t\000\137\000n\000a\000m\000e\000\050\000\051}{subsection.4.34.2}% 216
\BOOKMARK [3][-]{subsubsection.4.34.2.13}{\376\377\0004\000.\0003\0004\000.\0002\000.\0001\0003\000\040\000g\000e\000t\000\137\000s\000t\000a\000r\000t\000\137\000b\000l\000o\000c\000k\000\050\000\051}{subsection.4.34.2}% 217
\BOOKMARK [3][-]{subsubsection.4.34.2.14}{\376\377\0004\000.\0003\0004\000.\0002\000.\0001\0004\000\040\000i\000n\000c\000r\000e\000m\000e\000n\000t\000\137\000a\000l\000l\000o\000c\000a\000t\000e\000\050\000\051}{subsection.4.34.2}% 218
\BOOKMARK [3][-]{subsubsection.4.34.2.15}{\376\377\0004\000.\0003\0004\000.\0002\000.\0001\0005\000\040\000i\000n\000c\000r\000e\000m\000e\000n\000t\000\137\000f\000o\000l\000l\000o\000w\000\050\000\051}{subsection.4.34.2}% 219
\BOOKMARK [3][-]{subsubsection.4.34.2.16}{\376\377\0004\000.\0003\0004\000.\0002\000.\0001\0006\000\040\000i\000n\000s\000e\000r\000t\000\050\000\051}{subsection.4.34.2}% 220
\BOOKMARK [3][-]{subsubsection.4.34.2.17}{\376\377\0004\000.\0003\0004\000.\0002\000.\0001\0007\000\040\000i\000n\000s\000e\000r\000t\000\137\000a\000d\000d\000i\000t\000i\000o\000n\000\050\000\051}{subsection.4.34.2}% 221
\BOOKMARK [3][-]{subsubsection.4.34.2.18}{\376\377\0004\000.\0003\0004\000.\0002\000.\0001\0008\000\040\000i\000n\000s\000e\000r\000t\000\137\000d\000e\000l\000e\000t\000i\000o\000n\000\050\000\051}{subsection.4.34.2}% 222
\BOOKMARK [3][-]{subsubsection.4.34.2.19}{\376\377\0004\000.\0003\0004\000.\0002\000.\0001\0009\000\040\000r\000e\000a\000d\000\137\000i\000n\000\050\000\051}{subsection.4.34.2}% 223
\BOOKMARK [3][-]{subsubsection.4.34.2.20}{\376\377\0004\000.\0003\0004\000.\0002\000.\0002\0000\000\040\000s\000e\000t\000\137\000l\000a\000s\000t\000\137\000e\000n\000t\000r\000y\000\050\000\051}{subsection.4.34.2}% 224
\BOOKMARK [3][-]{subsubsection.4.34.2.21}{\376\377\0004\000.\0003\0004\000.\0002\000.\0002\0001\000\040\000s\000e\000t\000\137\000n\000a\000m\000e\000\050\000\051}{subsection.4.34.2}% 225
\BOOKMARK [3][-]{subsubsection.4.34.2.22}{\376\377\0004\000.\0003\0004\000.\0002\000.\0002\0002\000\040\000s\000i\000z\000e\000\050\000\051}{subsection.4.34.2}% 226
\BOOKMARK [3][-]{subsubsection.4.34.2.23}{\376\377\0004\000.\0003\0004\000.\0002\000.\0002\0003\000\040\000w\000r\000i\000t\000e\000\137\000o\000u\000t\000\050\000\051}{subsection.4.34.2}% 227
\BOOKMARK [0][-]{section*.83}{\376\377\000I\000n\000d\000e\000x}{}% 228
