L: Liaison Process Initiated
---------------------------------------------------------------------------------
L: Client Socket Path: cli-14287-socket
---------------------------------------------------------------------------------
L: Liaison Socket Path: lson-14287-socket
---------------------------------------------------------------------------------
L: File System Partition: PartitionA
---------------------------------------------------------------------------------
L: Current Working Directory: /
---------------------------------------------------------------------------------
L: Shared Memory Segment Key: 14287
---------------------------------------------------------------------------------
L: Attaching to Shared Memory Segment...
---------------------------------------------------------------------------------
L: Success
---------------------------------------------------------------------------------
L: Initializing [Liaison --> Command Line] Socket...
---------------------------------------------------------------------------------
L: Success
---------------------------------------------------------------------------------
L: Signaling Command Line
---------------------------------------------------------------------------------
L: Listening For Clients...
---------------------------------------------------------------------------------
L: Client Connection Accepted
---------------------------------------------------------------------------------
L: Unattaching Shared Memory Segment...
---------------------------------------------------------------------------------
L: Success
---------------------------------------------------------------------------------
L: Retrieving Client Information
---------------------------------------------------------------------------------
L: Connection To Client Successful
---------------------------------------------------------------------------------
L: Attempting To Connect To File System...
---------------------------------------------------------------------------------
L: Initializing [Liaison --> File System] Socket...
---------------------------------------------------------------------------------
L: Success
---------------------------------------------------------------------------------
L: Connecting To File System...
---------------------------------------------------------------------------------
L: Success
---------------------------------------------------------------------------------
